<?xml version="1.0" encoding="UTF-8"?>
<robot generator="Robot 4.0 (Python 3.8.0 on win32)" generated="20210330 13:31:14.390" rpa="false" schemaversion="2">
<suite id="s1" name="Tc" source="C:\Users\SAIBACHU\PycharmProjects\sampleproject\testcases\tc.robot">
<test id="s1-t1" name="TC1">
<kw name="Open Browser" library="SeleniumLibrary">
<arg>${URL}</arg>
<arg>${Browser}</arg>
<doc>Opens a new browser instance to the optional ``url``.</doc>
<msg timestamp="20210330 13:31:14.748" level="INFO">Opening browser 'Chrome' to base url 'https://www.amazon.in/'.</msg>
<status status="PASS" starttime="20210330 13:31:14.747" endtime="20210330 13:31:22.962"/>
</kw>
<kw name="Maximize Browser Window" library="SeleniumLibrary">
<doc>Maximizes current browser window.</doc>
<status status="PASS" starttime="20210330 13:31:22.962" endtime="20210330 13:31:23.084"/>
</kw>
<kw name="Sleep" library="BuiltIn">
<arg>3s</arg>
<doc>Pauses the test executed for the given time.</doc>
<msg timestamp="20210330 13:31:26.094" level="INFO">Slept 3 seconds</msg>
<status status="PASS" starttime="20210330 13:31:23.085" endtime="20210330 13:31:26.095"/>
</kw>
<kw name="Input Text" library="SeleniumLibrary">
<arg>id=twotabsearchtextbox</arg>
<arg>iphone 5s</arg>
<doc>Types the given ``text`` into the text field identified by ``locator``.</doc>
<msg timestamp="20210330 13:31:26.096" level="INFO">Typing text 'iphone 5s' into text field 'id=twotabsearchtextbox'.</msg>
<status status="PASS" starttime="20210330 13:31:26.096" endtime="20210330 13:31:26.252"/>
</kw>
<kw name="Close Browser" library="SeleniumLibrary">
<doc>Closes the current browser.</doc>
<status status="PASS" starttime="20210330 13:31:26.252" endtime="20210330 13:31:28.716"/>
</kw>
<doc>This is some basic information about the whole suite</doc>
<tag>Smoke</tag>
<status status="PASS" starttime="20210330 13:31:14.746" endtime="20210330 13:31:28.717"/>
</test>
<doc>This is some basic information about the whole suite</doc>
<status status="PASS" starttime="20210330 13:31:14.420" endtime="20210330 13:31:28.777"/>
</suite>
<statistics>
<total>
<stat pass="1" fail="0" skip="0">All Tests</stat>
</total>
<tag>
<stat pass="1" fail="0" skip="0">Smoke</stat>
</tag>
<suite>
<stat pass="1" fail="0" skip="0" id="s1" name="Tc">Tc</stat>
</suite>
</statistics>
<errors>
</errors>
</robot>
